
** (evince:11070): WARNING **: 21:32:05.222: Unimplemented annotation: POPPLER_ANNOT_INK, please post a bug report in Evince bugzilla (http://bugzilla.gnome.org) with a testcase.

** (evince:11070): WARNING **: 21:32:05.222: Unimplemented annotation: POPPLER_ANNOT_INK, please post a bug report in Evince bugzilla (http://bugzilla.gnome.org) with a testcase.

** (evince:11070): WARNING **: 21:32:05.222: Unimplemented annotation: POPPLER_ANNOT_INK, please post a bug report in Evince bugzilla (http://bugzilla.gnome.org) with a testcase.

** (evince:11070): WARNING **: 21:32:05.222: Unimplemented annotation: POPPLER_ANNOT_INK, please post a bug report in Evince bugzilla (http://bugzilla.gnome.org) with a testcase.

** (evince:11070): WARNING **: 21:32:05.226: Unimplemented annotation: POPPLER_ANNOT_INK, please post a bug report in Evince bugzilla (http://bugzilla.gnome.org) with a testcase.

** (evince:11070): WARNING **: 21:32:05.226: Unimplemented annotation: POPPLER_ANNOT_INK, please post a bug report in Evince bugzilla (http://bugzilla.gnome.org) with a testcase.

** (evince:11070): WARNING **: 21:32:05.256: Unimplemented annotation: POPPLER_ANNOT_FREE_TEXT.  It is a known issue and it might be implemented in the future.

** (evince:11070): WARNING **: 21:32:05.256: Unimplemented annotation: POPPLER_ANNOT_INK, please post a bug report in Evince bugzilla (http://bugzilla.gnome.org) with a testcase.

** (evince:11070): WARNING **: 21:32:05.256: Unimplemented annotation: POPPLER_ANNOT_INK, please post a bug report in Evince bugzilla (http://bugzilla.gnome.org) with a testcase.

** (evince:11070): WARNING **: 21:32:05.256: Unimplemented annotation: POPPLER_ANNOT_INK, please post a bug report in Evince bugzilla (http://bugzilla.gnome.org) with a testcase.

** (evince:11070): WARNING **: 21:32:05.256: Unimplemented annotation: POPPLER_ANNOT_INK, please post a bug report in Evince bugzilla (http://bugzilla.gnome.org) with a testcase.

** (evince:11070): WARNING **: 21:32:05.256: Unimplemented annotation: POPPLER_ANNOT_INK, please post a bug report in Evince bugzilla (http://bugzilla.gnome.org) with a testcase.

** (evince:11070): WARNING **: 21:32:05.256: Unimplemented annotation: POPPLER_ANNOT_INK, please post a bug report in Evince bugzilla (http://bugzilla.gnome.org) with a testcase.

** (evince:11070): WARNING **: 21:32:05.256: Unimplemented annotation: POPPLER_ANNOT_INK, please post a bug report in Evince bugzilla (http://bugzilla.gnome.org) with a testcase.

** (evince:11070): WARNING **: 21:32:05.256: Unimplemented annotation: POPPLER_ANNOT_INK, please post a bug report in Evince bugzilla (http://bugzilla.gnome.org) with a testcase.

** (evince:11070): WARNING **: 21:32:05.256: Unimplemented annotation: POPPLER_ANNOT_INK, please post a bug report in Evince bugzilla (http://bugzilla.gnome.org) with a testcase.

** (evince:11070): WARNING **: 21:32:05.274: Unimplemented annotation: POPPLER_ANNOT_INK, please post a bug report in Evince bugzilla (http://bugzilla.gnome.org) with a testcase.

** (evince:11070): WARNING **: 21:32:05.274: Unimplemented annotation: POPPLER_ANNOT_INK, please post a bug report in Evince bugzilla (http://bugzilla.gnome.org) with a testcase.

** (evince:11070): WARNING **: 21:32:05.274: Unimplemented annotation: POPPLER_ANNOT_INK, please post a bug report in Evince bugzilla (http://bugzilla.gnome.org) with a testcase.

** (evince:11070): WARNING **: 21:32:05.274: Unimplemented annotation: POPPLER_ANNOT_INK, please post a bug report in Evince bugzilla (http://bugzilla.gnome.org) with a testcase.

** (evince:11070): WARNING **: 21:32:05.274: Unimplemented annotation: POPPLER_ANNOT_INK, please post a bug report in Evince bugzilla (http://bugzilla.gnome.org) with a testcase.

** (evince:11070): WARNING **: 21:32:05.274: Unimplemented annotation: POPPLER_ANNOT_INK, please post a bug report in Evince bugzilla (http://bugzilla.gnome.org) with a testcase.

** (evince:11070): WARNING **: 21:32:05.274: Unimplemented annotation: POPPLER_ANNOT_INK, please post a bug report in Evince bugzilla (http://bugzilla.gnome.org) with a testcase.

** (evince:11070): WARNING **: 21:32:05.274: Unimplemented annotation: POPPLER_ANNOT_INK, please post a bug report in Evince bugzilla (http://bugzilla.gnome.org) with a testcase.

** (evince:11070): WARNING **: 21:32:05.274: Unimplemented annotation: POPPLER_ANNOT_INK, please post a bug report in Evince bugzilla (http://bugzilla.gnome.org) with a testcase.

** (evince:11070): WARNING **: 21:32:05.274: Unimplemented annotation: POPPLER_ANNOT_INK, please post a bug report in Evince bugzilla (http://bugzilla.gnome.org) with a testcase.

** (evince:11070): WARNING **: 21:32:05.274: Unimplemented annotation: POPPLER_ANNOT_INK, please post a bug report in Evince bugzilla (http://bugzilla.gnome.org) with a testcase.

** (evince:11070): WARNING **: 21:32:05.274: Unimplemented annotation: POPPLER_ANNOT_INK, please post a bug report in Evince bugzilla (http://bugzilla.gnome.org) with a testcase.

** (evince:11070): WARNING **: 21:32:05.275: Unimplemented annotation: POPPLER_ANNOT_INK, please post a bug report in Evince bugzilla (http://bugzilla.gnome.org) with a testcase.

** (evince:11070): WARNING **: 21:32:05.275: Unimplemented annotation: POPPLER_ANNOT_INK, please post a bug report in Evince bugzilla (http://bugzilla.gnome.org) with a testcase.

** (evince:11070): WARNING **: 21:32:05.275: Unimplemented annotation: POPPLER_ANNOT_INK, please post a bug report in Evince bugzilla (http://bugzilla.gnome.org) with a testcase.

** (evince:11070): WARNING **: 21:32:05.275: Unimplemented annotation: POPPLER_ANNOT_INK, please post a bug report in Evince bugzilla (http://bugzilla.gnome.org) with a testcase.

** (evince:11070): WARNING **: 21:32:05.275: Unimplemented annotation: POPPLER_ANNOT_INK, please post a bug report in Evince bugzilla (http://bugzilla.gnome.org) with a testcase.

** (evince:11070): WARNING **: 21:32:05.275: Unimplemented annotation: POPPLER_ANNOT_INK, please post a bug report in Evince bugzilla (http://bugzilla.gnome.org) with a testcase.

** (evince:11070): WARNING **: 21:32:05.275: Unimplemented annotation: POPPLER_ANNOT_INK, please post a bug report in Evince bugzilla (http://bugzilla.gnome.org) with a testcase.

** (evince:11070): WARNING **: 21:32:05.275: Unimplemented annotation: POPPLER_ANNOT_INK, please post a bug report in Evince bugzilla (http://bugzilla.gnome.org) with a testcase.

** (evince:11070): WARNING **: 21:32:05.275: Unimplemented annotation: POPPLER_ANNOT_INK, please post a bug report in Evince bugzilla (http://bugzilla.gnome.org) with a testcase.

** (evince:11070): WARNING **: 21:32:05.307: Unimplemented annotation: POPPLER_ANNOT_INK, please post a bug report in Evince bugzilla (http://bugzilla.gnome.org) with a testcase.

** (evince:11070): WARNING **: 21:32:05.307: Unimplemented annotation: POPPLER_ANNOT_INK, please post a bug report in Evince bugzilla (http://bugzilla.gnome.org) with a testcase.

** (evince:11070): WARNING **: 21:32:05.307: Unimplemented annotation: POPPLER_ANNOT_INK, please post a bug report in Evince bugzilla (http://bugzilla.gnome.org) with a testcase.

** (evince:11070): WARNING **: 21:32:05.307: Unimplemented annotation: POPPLER_ANNOT_INK, please post a bug report in Evince bugzilla (http://bugzilla.gnome.org) with a testcase.

** (evince:11070): WARNING **: 21:32:05.307: Unimplemented annotation: POPPLER_ANNOT_INK, please post a bug report in Evince bugzilla (http://bugzilla.gnome.org) with a testcase.

** (evince:11070): WARNING **: 21:32:05.307: Unimplemented annotation: POPPLER_ANNOT_INK, please post a bug report in Evince bugzilla (http://bugzilla.gnome.org) with a testcase.

** (evince:11070): WARNING **: 21:32:05.307: Unimplemented annotation: POPPLER_ANNOT_INK, please post a bug report in Evince bugzilla (http://bugzilla.gnome.org) with a testcase.

** (evince:11070): WARNING **: 21:32:05.307: Unimplemented annotation: POPPLER_ANNOT_INK, please post a bug report in Evince bugzilla (http://bugzilla.gnome.org) with a testcase.

** (evince:11070): WARNING **: 21:32:05.307: Unimplemented annotation: POPPLER_ANNOT_INK, please post a bug report in Evince bugzilla (http://bugzilla.gnome.org) with a testcase.

** (evince:11070): WARNING **: 21:32:05.307: Unimplemented annotation: POPPLER_ANNOT_INK, please post a bug report in Evince bugzilla (http://bugzilla.gnome.org) with a testcase.

** (evince:11070): WARNING **: 21:32:05.307: Unimplemented annotation: POPPLER_ANNOT_INK, please post a bug report in Evince bugzilla (http://bugzilla.gnome.org) with a testcase.

** (evince:11070): WARNING **: 21:32:05.313: Unimplemented annotation: POPPLER_ANNOT_SQUARE.  It is a known issue and it might be implemented in the future.

** (evince:11070): WARNING **: 21:32:05.314: Unimplemented annotation: POPPLER_ANNOT_INK, please post a bug report in Evince bugzilla (http://bugzilla.gnome.org) with a testcase.

** (evince:11070): WARNING **: 21:32:05.314: Unimplemented annotation: POPPLER_ANNOT_INK, please post a bug report in Evince bugzilla (http://bugzilla.gnome.org) with a testcase.

** (evince:11070): WARNING **: 21:32:05.314: Unimplemented annotation: POPPLER_ANNOT_INK, please post a bug report in Evince bugzilla (http://bugzilla.gnome.org) with a testcase.

** (evince:11070): WARNING **: 21:32:05.314: Unimplemented annotation: POPPLER_ANNOT_INK, please post a bug report in Evince bugzilla (http://bugzilla.gnome.org) with a testcase.

** (evince:11070): WARNING **: 21:32:05.314: Unimplemented annotation: POPPLER_ANNOT_INK, please post a bug report in Evince bugzilla (http://bugzilla.gnome.org) with a testcase.

** (evince:11070): WARNING **: 21:32:05.314: Unimplemented annotation: POPPLER_ANNOT_FREE_TEXT.  It is a known issue and it might be implemented in the future.

** (evince:11070): WARNING **: 21:32:05.314: Unimplemented annotation: POPPLER_ANNOT_FREE_TEXT.  It is a known issue and it might be implemented in the future.

** (evince:11070): WARNING **: 21:32:05.318: Unimplemented annotation: POPPLER_ANNOT_FREE_TEXT.  It is a known issue and it might be implemented in the future.

** (evince:11070): WARNING **: 21:32:05.318: Unimplemented annotation: POPPLER_ANNOT_LINE.  It is a known issue and it might be implemented in the future.

** (evince:11070): WARNING **: 21:32:05.318: Unimplemented annotation: POPPLER_ANNOT_LINE.  It is a known issue and it might be implemented in the future.

** (evince:11070): WARNING **: 21:32:05.319: Unimplemented annotation: POPPLER_ANNOT_FREE_TEXT.  It is a known issue and it might be implemented in the future.

** (evince:11070): WARNING **: 21:32:05.319: Unimplemented annotation: POPPLER_ANNOT_FREE_TEXT.  It is a known issue and it might be implemented in the future.

** (evince:11070): WARNING **: 21:32:05.319: Unimplemented annotation: POPPLER_ANNOT_FREE_TEXT.  It is a known issue and it might be implemented in the future.

** (evince:11070): WARNING **: 21:32:05.320: Unimplemented annotation: POPPLER_ANNOT_FREE_TEXT.  It is a known issue and it might be implemented in the future.

** (evince:11070): WARNING **: 21:32:05.320: Unimplemented annotation: POPPLER_ANNOT_FREE_TEXT.  It is a known issue and it might be implemented in the future.
*** BUG ***
In pixman_region32_init_rect: Invalid rectangle passed
Set a breakpoint on '_pixman_log_error' to debug


** (evince:11070): WARNING **: 21:32:05.423: Unimplemented annotation: POPPLER_ANNOT_INK, please post a bug report in Evince bugzilla (http://bugzilla.gnome.org) with a testcase.

** (evince:11070): WARNING **: 21:32:05.423: Unimplemented annotation: POPPLER_ANNOT_INK, please post a bug report in Evince bugzilla (http://bugzilla.gnome.org) with a testcase.

** (evince:11070): WARNING **: 21:32:05.423: Unimplemented annotation: POPPLER_ANNOT_INK, please post a bug report in Evince bugzilla (http://bugzilla.gnome.org) with a testcase.

** (evince:11070): WARNING **: 21:32:05.423: Unimplemented annotation: POPPLER_ANNOT_INK, please post a bug report in Evince bugzilla (http://bugzilla.gnome.org) with a testcase.

** (evince:11070): WARNING **: 21:32:05.423: Unimplemented annotation: POPPLER_ANNOT_INK, please post a bug report in Evince bugzilla (http://bugzilla.gnome.org) with a testcase.

** (evince:11070): WARNING **: 21:32:05.423: Unimplemented annotation: POPPLER_ANNOT_INK, please post a bug report in Evince bugzilla (http://bugzilla.gnome.org) with a testcase.

** (evince:11070): WARNING **: 21:32:05.423: Unimplemented annotation: POPPLER_ANNOT_INK, please post a bug report in Evince bugzilla (http://bugzilla.gnome.org) with a testcase.

** (evince:11070): WARNING **: 21:32:05.423: Unimplemented annotation: POPPLER_ANNOT_INK, please post a bug report in Evince bugzilla (http://bugzilla.gnome.org) with a testcase.

** (evince:11070): WARNING **: 21:32:05.423: Unimplemented annotation: POPPLER_ANNOT_INK, please post a bug report in Evince bugzilla (http://bugzilla.gnome.org) with a testcase.

** (evince:11070): WARNING **: 21:32:05.423: Unimplemented annotation: POPPLER_ANNOT_INK, please post a bug report in Evince bugzilla (http://bugzilla.gnome.org) with a testcase.

** (evince:11070): WARNING **: 21:32:05.423: Unimplemented annotation: POPPLER_ANNOT_INK, please post a bug report in Evince bugzilla (http://bugzilla.gnome.org) with a testcase.

** (evince:11070): WARNING **: 21:32:05.423: Unimplemented annotation: POPPLER_ANNOT_INK, please post a bug report in Evince bugzilla (http://bugzilla.gnome.org) with a testcase.

** (evince:11070): WARNING **: 21:32:05.423: Unimplemented annotation: POPPLER_ANNOT_INK, please post a bug report in Evince bugzilla (http://bugzilla.gnome.org) with a testcase.

** (evince:11070): WARNING **: 21:32:05.423: Unimplemented annotation: POPPLER_ANNOT_INK, please post a bug report in Evince bugzilla (http://bugzilla.gnome.org) with a testcase.

** (evince:11070): WARNING **: 21:32:05.423: Unimplemented annotation: POPPLER_ANNOT_INK, please post a bug report in Evince bugzilla (http://bugzilla.gnome.org) with a testcase.

** (evince:11070): WARNING **: 21:32:05.423: Unimplemented annotation: POPPLER_ANNOT_INK, please post a bug report in Evince bugzilla (http://bugzilla.gnome.org) with a testcase.

** (evince:11070): WARNING **: 21:32:05.423: Unimplemented annotation: POPPLER_ANNOT_INK, please post a bug report in Evince bugzilla (http://bugzilla.gnome.org) with a testcase.

** (evince:11070): WARNING **: 21:32:05.423: Unimplemented annotation: POPPLER_ANNOT_INK, please post a bug report in Evince bugzilla (http://bugzilla.gnome.org) with a testcase.

** (evince:11070): WARNING **: 21:32:05.423: Unimplemented annotation: POPPLER_ANNOT_INK, please post a bug report in Evince bugzilla (http://bugzilla.gnome.org) with a testcase.

** (evince:11070): WARNING **: 21:32:05.423: Unimplemented annotation: POPPLER_ANNOT_INK, please post a bug report in Evince bugzilla (http://bugzilla.gnome.org) with a testcase.

** (evince:11070): WARNING **: 21:32:05.423: Unimplemented annotation: POPPLER_ANNOT_INK, please post a bug report in Evince bugzilla (http://bugzilla.gnome.org) with a testcase.
